"C:\Users\Nathan Moore\AppData\Local\JetBrains\CLion2020.2\cygwin_cmake\bin\cmake.exe" -DCMAKE_BUILD_TYPE=Debug -G "CodeBlocks - Unix Makefiles" "/cygdrive/c/Users/Nathan Moore/OneDrive - uah.edu/FA20/Data Structures/Projects/Project 4"
-- The C compiler identification is GNU 10.2.0
-- The CXX compiler identification is GNU 9.3.0
-- Check for working C compiler: /usr/bin/cc
-- Check for working C compiler: /usr/bin/cc - works
-- Detecting C compiler ABI info
-- Detecting C compiler ABI info - done
-- Detecting C compile features
-- Detecting C compile features - done
-- Check for working CXX compiler: /usr/bin/c++.exe
-- Check for working CXX compiler: /usr/bin/c++.exe - broken
CMake Error at /cygdrive/c/Users/Nathan Moore/AppData/Local/JetBrains/CLion2020.2/cygwin_cmake/share/cmake-3.17.3/Modules/CMakeTestCXXCompiler.cmake:53 (message):
  The C++ compiler

    "/usr/bin/c++.exe"

  is not able to compile a simple test program.

  It fails with the following output:

    Change Dir: /cygdrive/c/Users/Nathan Moore/OneDrive - uah.edu/FA20/Data Structures/Projects/Project 4/cmake-build-debug/CMakeFiles/CMakeTmp
    
    Run Build Command(s):/usr/bin/make.exe cmTC_326f8/fast && /usr/bin/make  -f CMakeFiles/cmTC_326f8.dir/build.make CMakeFiles/cmTC_326f8.dir/build
    make[1]: Entering directory '/cygdrive/c/Users/Nathan Moore/OneDrive - uah.edu/FA20/Data Structures/Projects/Project 4/cmake-build-debug/CMakeFiles/CMakeTmp'
    Building CXX object CMakeFiles/cmTC_326f8.dir/testCXXCompiler.cxx.o
    /usr/bin/c++.exe     -o CMakeFiles/cmTC_326f8.dir/testCXXCompiler.cxx.o -c "/cygdrive/c/Users/Nathan Moore/OneDrive - uah.edu/FA20/Data Structures/Projects/Project 4/cmake-build-debug/CMakeFiles/CMakeTmp/testCXXCompiler.cxx"
    Linking CXX executable cmTC_326f8.exe
    "/cygdrive/c/Users/Nathan Moore/AppData/Local/JetBrains/CLion2020.2/cygwin_cmake/bin/cmake.exe" -E cmake_link_script CMakeFiles/cmTC_326f8.dir/link.txt --verbose=1
    /usr/bin/c++.exe    -Wl,--enable-auto-import  CMakeFiles/cmTC_326f8.dir/testCXXCompiler.cxx.o  -o cmTC_326f8.exe -Wl,--out-implib,libcmTC_326f8.dll.a -Wl,--major-image-version,0,--minor-image-version,0 
    c++: fatal error: '-fuse-linker-plugin', but cyglto_plugin.dll not found
    compilation terminated.
    make[1]: *** [CMakeFiles/cmTC_326f8.dir/build.make:107: cmTC_326f8.exe] Error 1
    make[1]: Leaving directory '/cygdrive/c/Users/Nathan Moore/OneDrive - uah.edu/FA20/Data Structures/Projects/Project 4/cmake-build-debug/CMakeFiles/CMakeTmp'
    make: *** [Makefile:141: cmTC_326f8/fast] Error 2
    
    

  

  CMake will not be able to correctly generate this project.
Call Stack (most recent call first):
  CMakeLists.txt:2 (project)


-- Configuring incomplete, errors occurred!
See also "/cygdrive/c/Users/Nathan Moore/OneDrive - uah.edu/FA20/Data Structures/Projects/Project 4/cmake-build-debug/CMakeFiles/CMakeOutput.log".
See also "/cygdrive/c/Users/Nathan Moore/OneDrive - uah.edu/FA20/Data Structures/Projects/Project 4/cmake-build-debug/CMakeFiles/CMakeError.log".
